<?xml version="1.0" encoding="UTF-8"?>
<!-- Generated by org.testng.reporters.JUnitXMLReporter -->
<testsuite ignored="0" hostname="LAPTOP-0O8VOCIM" failures="0" tests="4" name="Default test" time="33.696" errors="0" timestamp="08 Sep. 2020 03:02:27 GMT">
  <testcase classname="com.carbonite.qa.testcases.FreeTrialPageTest" name="clickOnStartFreeTrialButtonTest" time="0.636"/>
  <testcase classname="com.carbonite.qa.testcases.FreeTrialPageTest" name="clickOnLearnMoreButtonTest" time="0.711"/>
  <testcase classname="com.carbonite.qa.testcases.FreeTrialPageTest" name="headingDispalyMethodTest" time="0.083"/>
  <testcase classname="com.carbonite.qa.testcases.FreeTrialPageTest" name="headingComparsisonTest" time="0.041"/>
</testsuite> <!-- Default test -->
