<?xml version="1.0" encoding="UTF-8"?>
<!-- Generated by org.testng.reporters.JUnitXMLReporter -->
<testsuite ignored="0" hostname="LAPTOP-0O8VOCIM" failures="0" tests="6" name="Test" time="0.162" errors="0" timestamp="10 Sep. 2020 01:59:34 GMT">
  <testcase classname="com.carbonite.qa.testcases.AllProductsPageTest" name="@BeforeMethod setUp" time="0.017">
    <failure type="java.lang.NullPointerException">
      <![CDATA[java.lang.NullPointerException
at com.carbonite.qa.base.TestBase.initialisation(TestBase.java:107)
at com.carbonite.qa.testcases.AllProductsPageTest.setUp(AllProductsPageTest.java:24)
at java.base/java.util.concurrent.ThreadPoolExecutor.runWorker(ThreadPoolExecutor.java:1130)
at java.base/java.util.concurrent.ThreadPoolExecutor$Worker.run(ThreadPoolExecutor.java:630)
at java.base/java.lang.Thread.run(Thread.java:832)
... Removed 13 stack frames]]>
    </failure>
  </testcase> <!-- @BeforeMethod setUp -->
  <testcase classname="com.carbonite.qa.testcases.HomeBackupPageTest" name="@BeforeMethod setUp" time="0.017">
    <failure type="java.lang.NullPointerException">
      <![CDATA[java.lang.NullPointerException
at com.carbonite.qa.base.TestBase.initialisation(TestBase.java:107)
at com.carbonite.qa.testcases.HomeBackupPageTest.setUp(HomeBackupPageTest.java:36)
at java.base/java.util.concurrent.ThreadPoolExecutor.runWorker(ThreadPoolExecutor.java:1130)
at java.base/java.util.concurrent.ThreadPoolExecutor$Worker.run(ThreadPoolExecutor.java:630)
at java.base/java.lang.Thread.run(Thread.java:832)
... Removed 13 stack frames]]>
    </failure>
  </testcase> <!-- @BeforeMethod setUp -->
  <testcase classname="com.carbonite.qa.testcases.AllProductsPageTest" name="@AfterMethod teraDown" time="0.0">
    <skipped/>
  </testcase> <!-- @AfterMethod teraDown -->
  <testcase classname="com.carbonite.qa.testcases.HomeBackupPageTest" name="@AfterMethod tearDown" time="0.0">
    <skipped/>
  </testcase> <!-- @AfterMethod tearDown -->
  <testcase classname="com.carbonite.qa.testcases.BusinessBackupPageTest" name="@BeforeMethod setUp" time="0.0">
    <failure type="java.lang.NullPointerException">
      <![CDATA[java.lang.NullPointerException
at com.carbonite.qa.base.TestBase.initialisation(TestBase.java:107)
at com.carbonite.qa.testcases.BusinessBackupPageTest.setUp(BusinessBackupPageTest.java:25)
at java.base/java.util.concurrent.ThreadPoolExecutor.runWorker(ThreadPoolExecutor.java:1130)
at java.base/java.util.concurrent.ThreadPoolExecutor$Worker.run(ThreadPoolExecutor.java:630)
at java.base/java.lang.Thread.run(Thread.java:832)
... Removed 13 stack frames]]>
    </failure>
  </testcase> <!-- @BeforeMethod setUp -->
  <testcase classname="com.carbonite.qa.testcases.BusinessBackupPageTest" name="@BeforeMethod setUp" time="0.0">
    <failure type="java.lang.NullPointerException">
      <![CDATA[java.lang.NullPointerException
at com.carbonite.qa.base.TestBase.initialisation(TestBase.java:107)
at com.carbonite.qa.testcases.BusinessBackupPageTest.setUp(BusinessBackupPageTest.java:25)
at java.base/java.util.concurrent.ThreadPoolExecutor.runWorker(ThreadPoolExecutor.java:1130)
at java.base/java.util.concurrent.ThreadPoolExecutor$Worker.run(ThreadPoolExecutor.java:630)
at java.base/java.lang.Thread.run(Thread.java:832)
... Removed 13 stack frames]]>
    </failure>
  </testcase> <!-- @BeforeMethod setUp -->
  <testcase classname="com.carbonite.qa.testcases.BusinessBackupPageTest" name="@AfterMethod teraDown" time="0.0">
    <skipped/>
  </testcase> <!-- @AfterMethod teraDown -->
  <testcase classname="com.carbonite.qa.testcases.BusinessBackupPageTest" name="@AfterMethod teraDown" time="0.0">
    <skipped/>
  </testcase> <!-- @AfterMethod teraDown -->
  <testcase classname="com.carbonite.qa.testcases.BusinessBackupPageTest" name="@BeforeMethod setUp" time="0.0">
    <skipped/>
  </testcase> <!-- @BeforeMethod setUp -->
  <testcase classname="com.carbonite.qa.testcases.BusinessBackupPageTest" name="@BeforeMethod setUp" time="0.0">
    <skipped/>
  </testcase> <!-- @BeforeMethod setUp -->
  <testcase classname="com.carbonite.qa.testcases.BusinessBackupPageTest" name="@AfterMethod teraDown" time="0.0">
    <skipped/>
  </testcase> <!-- @AfterMethod teraDown -->
  <testcase classname="com.carbonite.qa.testcases.BusinessBackupPageTest" name="@AfterMethod teraDown" time="0.0">
    <skipped/>
  </testcase> <!-- @AfterMethod teraDown -->
  <testcase classname="com.carbonite.qa.testcases.AllProductsPageTest" name="verifyColorOfLearnMoreButton" time="0.0">
    <skipped/>
  </testcase> <!-- verifyColorOfLearnMoreButton -->
  <testcase classname="com.carbonite.qa.testcases.HomeBackupPageTest" name="signUpFunctionalityTest" time="0.0">
    <skipped/>
  </testcase> <!-- signUpFunctionalityTest -->
  <testcase classname="com.carbonite.qa.testcases.BusinessBackupPageTest" name="clickOnComparePlansTest" time="0.0">
    <skipped/>
  </testcase> <!-- clickOnComparePlansTest -->
  <testcase classname="com.carbonite.qa.testcases.BusinessBackupPageTest" name="clickOnBusinessTrialTest" time="0.0">
    <skipped/>
  </testcase> <!-- clickOnBusinessTrialTest -->
  <testcase classname="com.carbonite.qa.testcases.BusinessBackupPageTest" name="laptopLogoIsDisplayedTest" time="0.0">
    <skipped/>
  </testcase> <!-- laptopLogoIsDisplayedTest -->
  <testcase classname="com.carbonite.qa.testcases.BusinessBackupPageTest" name="verifyColorTest" time="0.0">
    <skipped/>
  </testcase> <!-- verifyColorTest -->
</testsuite> <!-- Test -->
